[20:28:49] [main/INFO] [LaunchWrapper]: Loading tweak class name net.minecraftforge.fml.common.launcher.FMLServerTweaker
[20:28:49] [main/INFO] [LaunchWrapper]: Using primary tweak class name net.minecraftforge.fml.common.launcher.FMLServerTweaker
[20:28:49] [main/INFO] [LaunchWrapper]: Calling tweak class net.minecraftforge.fml.common.launcher.FMLServerTweaker
[20:28:50] [main/INFO] [FML]: Forge Mod Loader version 14.23.4.2747 for Minecraft 1.12.2 loading
[20:28:50] [main/INFO] [FML]: Java is Java HotSpot(TM) 64-Bit Server VM, version 1.8.0_181, running on Windows 10:amd64:10.0, installed at C:\Program Files\Java\jdk1.8.0_181\jre
[20:28:51] [main/INFO] [FML]: Searching C:\Users\Lucas Crouch\Server\.\mods for mods
[20:28:51] [main/INFO] [FML]: Loading tweaker org.spongepowered.asm.launch.MixinTweaker from NPCs-3.0.0-MC1.12.2.jar
[20:28:51] [main/INFO] [FML]: Loading tweaker org.spongepowered.asm.launch.MixinTweaker from spongeforge7.1.0.jar
[20:28:51] [main/INFO] [LaunchWrapper]: Loading tweak class name net.minecraftforge.fml.common.launcher.FMLInjectionAndSortingTweaker
[20:28:51] [main/INFO] [LaunchWrapper]: Loading tweak class name org.spongepowered.asm.launch.MixinTweaker
[20:28:52] [main/INFO] [mixin]: SpongePowered MIXIN Subsystem Version=0.7.11 Source=file:/C:/Users/Lucas%20Crouch/Server/./mods/spongeforge7.1.0.jar Service=LaunchWrapper Env=SERVER
[20:28:53] [main/INFO] [mixin]: Compatibility level set to JAVA_8
[20:28:53] [main/INFO] [mixin]: Adding new token provider org.spongepowered.mod.SpongeCoremod$TokenProvider to MixinEnvironment[DEFAULT]
[20:28:53] [main/INFO] [mixin]: Adding new token provider org.spongepowered.mod.SpongeCoremod$TokenProvider to MixinEnvironment[PREINIT]
[20:28:53] [main/INFO] [mixin]: Adding new token provider org.spongepowered.mod.SpongeCoremod$TokenProvider to MixinEnvironment[INIT]
[20:28:56] [main/WARN] [LaunchWrapper]: Tweak class name org.spongepowered.asm.launch.MixinTweaker has already been visited -- skipping
[20:28:57] [main/INFO] [LaunchWrapper]: Loading tweak class name net.minecraftforge.fml.common.launcher.FMLDeobfTweaker
[20:28:57] [main/INFO] [LaunchWrapper]: Calling tweak class net.minecraftforge.fml.common.launcher.FMLInjectionAndSortingTweaker
[20:28:57] [main/INFO] [LaunchWrapper]: Calling tweak class net.minecraftforge.fml.common.launcher.FMLInjectionAndSortingTweaker
[20:28:57] [main/INFO] [LaunchWrapper]: Calling tweak class net.minecraftforge.fml.relauncher.CoreModManager$FMLPluginWrapper
[20:29:12] [main/INFO] [FML]: Found valid fingerprint for Minecraft Forge. Certificate fingerprint e3c3d50c7c986df74c645c0ac54639741c90a557
[20:29:12] [main/INFO] [LaunchWrapper]: Calling tweak class net.minecraftforge.fml.relauncher.CoreModManager$FMLPluginWrapper
[20:29:12] [main/INFO] [LaunchWrapper]: Calling tweak class org.spongepowered.asm.launch.MixinTweaker
[20:29:13] [main/INFO] [mixin]: Initialised Mixin FML Remapper Adapter with net.minecraftforge.fml.common.asm.transformers.deobf.FMLDeobfuscatingRemapper@27f74733
[20:29:13] [main/INFO] [LaunchWrapper]: Calling tweak class net.minecraftforge.fml.common.launcher.FMLDeobfTweaker
[20:29:19] [main/INFO] [LaunchWrapper]: Loading tweak class name net.minecraftforge.fml.common.launcher.TerminalTweaker
[20:29:19] [main/INFO] [LaunchWrapper]: Loading tweak class name org.spongepowered.asm.mixin.EnvironmentStateTweaker
[20:29:19] [main/INFO] [LaunchWrapper]: Calling tweak class net.minecraftforge.fml.common.launcher.TerminalTweaker
[20:29:19] [main/INFO] [LaunchWrapper]: Calling tweak class org.spongepowered.asm.mixin.EnvironmentStateTweaker
[20:30:24] [main/WARN] [mixin]: Static binding violation: PRIVATE overwrite method initializeConnectionToPlayer in mixins.common.core.json:server.MixinPlayerList cannot reduce visibiliy of PUBLIC target method, visibility will be upgraded.
[20:30:24] [main/INFO] [LaunchWrapper]: Launching wrapped minecraft {net.minecraft.server.MinecraftServer}
[20:33:12] [Server thread/INFO] [net.minecraft.server.dedicated.DedicatedServer]: Starting minecraft server version 1.12.2
[20:33:13] [Server thread/INFO] [FML]: MinecraftForge v14.23.4.2747 Initialized
[20:33:13] [Server thread/INFO] [FML]: Starts to replace vanilla recipe ingredients with ore ingredients.
[20:33:14] [Server thread/INFO] [FML]: Replaced 1036 ore ingredients
[20:33:56] [Server thread/INFO] [Sponge]: Found mcmod.info at jar:file:/C:/Users/Lucas%20Crouch/Server/./mods/spongeforge7.1.0.jar!/mcmod.info
[20:33:56] [Server thread/INFO] [Sponge]: Creating injector in stage 'PRODUCTION'
